{"/home/lauren/Code/quickAnalyticsPWA/app.js": {"path":"/home/lauren/Code/quickAnalyticsPWA/app.js","statementMap":{"0":{"start":{"line":3,"column":8},"end":{"line":3,"column":38}},"1":{"start":{"line":4,"column":8},"end":{"line":4,"column":20}},"2":{"start":{"line":8,"column":8},"end":{"line":8,"column":26}},"3":{"start":{"line":9,"column":8},"end":{"line":9,"column":34}},"4":{"start":{"line":10,"column":8},"end":{"line":10,"column":34}},"5":{"start":{"line":11,"column":8},"end":{"line":11,"column":30}},"6":{"start":{"line":14,"column":8},"end":{"line":14,"column":79}},"7":{"start":{"line":14,"column":48},"end":{"line":14,"column":77}},"8":{"start":{"line":15,"column":8},"end":{"line":15,"column":81}},"9":{"start":{"line":15,"column":49},"end":{"line":15,"column":79}},"10":{"start":{"line":19,"column":21},"end":{"line":19,"column":63}},"11":{"start":{"line":20,"column":29},"end":{"line":20,"column":62}},"12":{"start":{"line":21,"column":29},"end":{"line":21,"column":68}},"13":{"start":{"line":22,"column":27},"end":{"line":22,"column":62}},"14":{"start":{"line":23,"column":31},"end":{"line":23,"column":66}},"15":{"start":{"line":24,"column":27},"end":{"line":24,"column":58}},"16":{"start":{"line":25,"column":29},"end":{"line":25,"column":62}},"17":{"start":{"line":27,"column":8},"end":{"line":27,"column":69}},"18":{"start":{"line":27,"column":47},"end":{"line":27,"column":67}},"19":{"start":{"line":28,"column":8},"end":{"line":28,"column":81}},"20":{"start":{"line":28,"column":54},"end":{"line":28,"column":79}},"21":{"start":{"line":29,"column":8},"end":{"line":29,"column":87}},"22":{"start":{"line":29,"column":57},"end":{"line":29,"column":85}},"23":{"start":{"line":30,"column":8},"end":{"line":30,"column":79}},"24":{"start":{"line":30,"column":53},"end":{"line":30,"column":77}},"25":{"start":{"line":31,"column":8},"end":{"line":31,"column":83}},"26":{"start":{"line":31,"column":55},"end":{"line":31,"column":81}},"27":{"start":{"line":33,"column":8},"end":{"line":35,"column":11}},"28":{"start":{"line":34,"column":12},"end":{"line":34,"column":76}},"29":{"start":{"line":34,"column":49},"end":{"line":34,"column":74}},"30":{"start":{"line":37,"column":8},"end":{"line":39,"column":9}},"31":{"start":{"line":38,"column":12},"end":{"line":38,"column":82}},"32":{"start":{"line":38,"column":55},"end":{"line":38,"column":80}},"33":{"start":{"line":43,"column":26},"end":{"line":43,"column":57}},"34":{"start":{"line":44,"column":22},"end":{"line":44,"column":32}},"35":{"start":{"line":45,"column":26},"end":{"line":45,"column":87}},"36":{"start":{"line":46,"column":8},"end":{"line":46,"column":64}},"37":{"start":{"line":50,"column":22},"end":{"line":50,"column":36}},"38":{"start":{"line":51,"column":8},"end":{"line":51,"column":68}},"39":{"start":{"line":55,"column":25},"end":{"line":55,"column":39}},"40":{"start":{"line":56,"column":27},"end":{"line":56,"column":58}},"41":{"start":{"line":59,"column":28},"end":{"line":105,"column":9}},"42":{"start":{"line":108,"column":8},"end":{"line":108,"column":79}},"43":{"start":{"line":111,"column":29},"end":{"line":111,"column":62}},"44":{"start":{"line":112,"column":8},"end":{"line":112,"column":87}},"45":{"start":{"line":115,"column":32},"end":{"line":115,"column":76}},"46":{"start":{"line":116,"column":32},"end":{"line":116,"column":70}},"47":{"start":{"line":117,"column":34},"end":{"line":117,"column":80}},"48":{"start":{"line":118,"column":34},"end":{"line":118,"column":74}},"49":{"start":{"line":120,"column":8},"end":{"line":120,"column":47}},"50":{"start":{"line":121,"column":8},"end":{"line":121,"column":41}},"51":{"start":{"line":122,"column":8},"end":{"line":122,"column":35}},"52":{"start":{"line":123,"column":8},"end":{"line":123,"column":49}},"53":{"start":{"line":124,"column":8},"end":{"line":124,"column":43}},"54":{"start":{"line":125,"column":8},"end":{"line":125,"column":37}},"55":{"start":{"line":126,"column":8},"end":{"line":126,"column":38}},"56":{"start":{"line":127,"column":8},"end":{"line":127,"column":45}},"57":{"start":{"line":130,"column":8},"end":{"line":139,"column":9}},"58":{"start":{"line":131,"column":12},"end":{"line":136,"column":15}},"59":{"start":{"line":132,"column":31},"end":{"line":132,"column":63}},"60":{"start":{"line":133,"column":16},"end":{"line":133,"column":36}},"61":{"start":{"line":134,"column":16},"end":{"line":134,"column":42}},"62":{"start":{"line":135,"column":16},"end":{"line":135,"column":47}},"63":{"start":{"line":138,"column":12},"end":{"line":138,"column":85}},"64":{"start":{"line":143,"column":21},"end":{"line":143,"column":35}},"65":{"start":{"line":144,"column":29},"end":{"line":144,"column":62}},"66":{"start":{"line":145,"column":32},"end":{"line":145,"column":76}},"67":{"start":{"line":146,"column":32},"end":{"line":146,"column":70}},"68":{"start":{"line":149,"column":34},"end":{"line":149,"column":80}},"69":{"start":{"line":150,"column":34},"end":{"line":150,"column":74}},"70":{"start":{"line":152,"column":8},"end":{"line":169,"column":9}},"71":{"start":{"line":153,"column":12},"end":{"line":153,"column":52}},"72":{"start":{"line":154,"column":12},"end":{"line":154,"column":44}},"73":{"start":{"line":156,"column":12},"end":{"line":156,"column":48}},"74":{"start":{"line":157,"column":12},"end":{"line":157,"column":54}},"75":{"start":{"line":158,"column":12},"end":{"line":158,"column":47}},"76":{"start":{"line":159,"column":12},"end":{"line":159,"column":19}},"77":{"start":{"line":161,"column":12},"end":{"line":161,"column":51}},"78":{"start":{"line":162,"column":12},"end":{"line":162,"column":45}},"79":{"start":{"line":163,"column":12},"end":{"line":163,"column":39}},"80":{"start":{"line":164,"column":12},"end":{"line":164,"column":49}},"81":{"start":{"line":165,"column":12},"end":{"line":165,"column":42}},"82":{"start":{"line":166,"column":12},"end":{"line":166,"column":53}},"83":{"start":{"line":167,"column":12},"end":{"line":167,"column":47}},"84":{"start":{"line":168,"column":12},"end":{"line":168,"column":41}},"85":{"start":{"line":172,"column":30},"end":{"line":211,"column":9}},"86":{"start":{"line":214,"column":8},"end":{"line":214,"column":83}},"87":{"start":{"line":215,"column":8},"end":{"line":215,"column":49}},"88":{"start":{"line":216,"column":8},"end":{"line":216,"column":43}},"89":{"start":{"line":217,"column":8},"end":{"line":217,"column":37}},"90":{"start":{"line":220,"column":8},"end":{"line":235,"column":9}},"91":{"start":{"line":221,"column":12},"end":{"line":226,"column":15}},"92":{"start":{"line":222,"column":31},"end":{"line":222,"column":63}},"93":{"start":{"line":223,"column":16},"end":{"line":223,"column":38}},"94":{"start":{"line":224,"column":16},"end":{"line":224,"column":44}},"95":{"start":{"line":225,"column":16},"end":{"line":225,"column":49}},"96":{"start":{"line":229,"column":32},"end":{"line":229,"column":64}},"97":{"start":{"line":230,"column":12},"end":{"line":230,"column":40}},"98":{"start":{"line":231,"column":12},"end":{"line":231,"column":46}},"99":{"start":{"line":232,"column":12},"end":{"line":232,"column":50}},"100":{"start":{"line":234,"column":12},"end":{"line":234,"column":91}},"101":{"start":{"line":239,"column":23},"end":{"line":239,"column":37}},"102":{"start":{"line":240,"column":34},"end":{"line":240,"column":80}},"103":{"start":{"line":241,"column":34},"end":{"line":241,"column":74}},"104":{"start":{"line":243,"column":8},"end":{"line":250,"column":9}},"105":{"start":{"line":244,"column":12},"end":{"line":244,"column":54}},"106":{"start":{"line":245,"column":12},"end":{"line":245,"column":47}},"107":{"start":{"line":247,"column":12},"end":{"line":247,"column":53}},"108":{"start":{"line":248,"column":12},"end":{"line":248,"column":47}},"109":{"start":{"line":249,"column":12},"end":{"line":249,"column":41}},"110":{"start":{"line":254,"column":23},"end":{"line":254,"column":31}},"111":{"start":{"line":255,"column":25},"end":{"line":255,"column":48}},"112":{"start":{"line":256,"column":21},"end":{"line":256,"column":40}},"113":{"start":{"line":258,"column":8},"end":{"line":258,"column":61}},"114":{"start":{"line":259,"column":8},"end":{"line":259,"column":53}},"115":{"start":{"line":262,"column":20},"end":{"line":262,"column":30}},"116":{"start":{"line":263,"column":27},"end":{"line":263,"column":57}},"117":{"start":{"line":264,"column":8},"end":{"line":264,"column":65}},"118":{"start":{"line":267,"column":8},"end":{"line":267,"column":52}},"119":{"start":{"line":271,"column":8},"end":{"line":271,"column":27}},"120":{"start":{"line":273,"column":25},"end":{"line":273,"column":47}},"121":{"start":{"line":274,"column":21},"end":{"line":274,"column":47}},"122":{"start":{"line":276,"column":8},"end":{"line":278,"column":9}},"123":{"start":{"line":277,"column":12},"end":{"line":277,"column":19}},"124":{"start":{"line":280,"column":8},"end":{"line":280,"column":30}},"125":{"start":{"line":282,"column":8},"end":{"line":299,"column":9}},"126":{"start":{"line":283,"column":12},"end":{"line":291,"column":13}},"127":{"start":{"line":284,"column":16},"end":{"line":284,"column":45}},"128":{"start":{"line":285,"column":16},"end":{"line":285,"column":79}},"129":{"start":{"line":286,"column":16},"end":{"line":286,"column":33}},"130":{"start":{"line":288,"column":16},"end":{"line":288,"column":39}},"131":{"start":{"line":289,"column":16},"end":{"line":289,"column":82}},"132":{"start":{"line":290,"column":16},"end":{"line":290,"column":33}},"133":{"start":{"line":293,"column":12},"end":{"line":293,"column":54}},"134":{"start":{"line":294,"column":12},"end":{"line":294,"column":35}},"135":{"start":{"line":295,"column":12},"end":{"line":295,"column":78}},"136":{"start":{"line":296,"column":12},"end":{"line":296,"column":29}},"137":{"start":{"line":298,"column":12},"end":{"line":298,"column":35}},"138":{"start":{"line":303,"column":21},"end":{"line":303,"column":23}},"139":{"start":{"line":306,"column":8},"end":{"line":308,"column":9}},"140":{"start":{"line":307,"column":12},"end":{"line":307,"column":30}},"141":{"start":{"line":311,"column":8},"end":{"line":314,"column":9}},"142":{"start":{"line":312,"column":12},"end":{"line":312,"column":40}},"143":{"start":{"line":313,"column":12},"end":{"line":313,"column":35}},"144":{"start":{"line":317,"column":8},"end":{"line":320,"column":9}},"145":{"start":{"line":318,"column":12},"end":{"line":318,"column":44}},"146":{"start":{"line":319,"column":12},"end":{"line":319,"column":37}},"147":{"start":{"line":323,"column":21},"end":{"line":323,"column":72}},"148":{"start":{"line":326,"column":8},"end":{"line":326,"column":57}},"149":{"start":{"line":327,"column":8},"end":{"line":327,"column":53}},"150":{"start":{"line":330,"column":8},"end":{"line":330,"column":44}},"151":{"start":{"line":332,"column":8},"end":{"line":332,"column":20}},"152":{"start":{"line":336,"column":8},"end":{"line":339,"column":9}},"153":{"start":{"line":337,"column":12},"end":{"line":337,"column":76}},"154":{"start":{"line":338,"column":12},"end":{"line":338,"column":25}},"155":{"start":{"line":342,"column":22},"end":{"line":342,"column":46}},"156":{"start":{"line":343,"column":20},"end":{"line":343,"column":42}},"157":{"start":{"line":346,"column":8},"end":{"line":349,"column":9}},"158":{"start":{"line":347,"column":12},"end":{"line":347,"column":66}},"159":{"start":{"line":348,"column":12},"end":{"line":348,"column":25}},"160":{"start":{"line":351,"column":8},"end":{"line":354,"column":9}},"161":{"start":{"line":352,"column":12},"end":{"line":352,"column":75}},"162":{"start":{"line":353,"column":12},"end":{"line":353,"column":25}},"163":{"start":{"line":356,"column":8},"end":{"line":356,"column":20}},"164":{"start":{"line":361,"column":28},"end":{"line":365,"column":9}},"165":{"start":{"line":367,"column":8},"end":{"line":367,"column":67}},"166":{"start":{"line":369,"column":25},"end":{"line":376,"column":10}},"167":{"start":{"line":378,"column":8},"end":{"line":382,"column":9}},"168":{"start":{"line":379,"column":26},"end":{"line":379,"column":82}},"169":{"start":{"line":380,"column":12},"end":{"line":380,"column":35}},"170":{"start":{"line":381,"column":12},"end":{"line":381,"column":70}},"171":{"start":{"line":384,"column":23},"end":{"line":384,"column":44}},"172":{"start":{"line":386,"column":8},"end":{"line":390,"column":9}},"173":{"start":{"line":387,"column":26},"end":{"line":387,"column":51}},"174":{"start":{"line":388,"column":12},"end":{"line":388,"column":35}},"175":{"start":{"line":389,"column":12},"end":{"line":389,"column":42}},"176":{"start":{"line":394,"column":22},"end":{"line":394,"column":82}},"177":{"start":{"line":395,"column":8},"end":{"line":395,"column":29}},"178":{"start":{"line":397,"column":8},"end":{"line":397,"column":22}},"179":{"start":{"line":401,"column":24},"end":{"line":401,"column":48}},"180":{"start":{"line":402,"column":8},"end":{"line":406,"column":11}},"181":{"start":{"line":408,"column":8},"end":{"line":408,"column":72}},"182":{"start":{"line":409,"column":8},"end":{"line":409,"column":36}},"183":{"start":{"line":413,"column":23},"end":{"line":413,"column":61}},"184":{"start":{"line":414,"column":8},"end":{"line":414,"column":48}},"185":{"start":{"line":418,"column":24},"end":{"line":418,"column":48}},"186":{"start":{"line":420,"column":8},"end":{"line":422,"column":9}},"187":{"start":{"line":421,"column":12},"end":{"line":421,"column":19}},"188":{"start":{"line":424,"column":8},"end":{"line":424,"column":63}},"189":{"start":{"line":426,"column":23},"end":{"line":426,"column":25}},"190":{"start":{"line":427,"column":23},"end":{"line":427,"column":25}},"191":{"start":{"line":429,"column":8},"end":{"line":437,"column":9}},"192":{"start":{"line":430,"column":12},"end":{"line":436,"column":13}},"193":{"start":{"line":431,"column":16},"end":{"line":431,"column":46}},"194":{"start":{"line":432,"column":16},"end":{"line":432,"column":35}},"195":{"start":{"line":434,"column":16},"end":{"line":434,"column":70}},"196":{"start":{"line":435,"column":16},"end":{"line":435,"column":35}},"197":{"start":{"line":440,"column":8},"end":{"line":440,"column":71}},"198":{"start":{"line":441,"column":8},"end":{"line":441,"column":36}},"199":{"start":{"line":443,"column":8},"end":{"line":445,"column":9}},"200":{"start":{"line":444,"column":12},"end":{"line":444,"column":89}},"201":{"start":{"line":447,"column":8},"end":{"line":449,"column":9}},"202":{"start":{"line":448,"column":12},"end":{"line":448,"column":81}},"203":{"start":{"line":453,"column":8},"end":{"line":453,"column":36}},"204":{"start":{"line":456,"column":8},"end":{"line":458,"column":9}},"205":{"start":{"line":457,"column":12},"end":{"line":457,"column":62}},"206":{"start":{"line":457,"column":29},"end":{"line":457,"column":54}},"207":{"start":{"line":462,"column":24},"end":{"line":462,"column":48}},"208":{"start":{"line":463,"column":26},"end":{"line":463,"column":68}},"209":{"start":{"line":464,"column":21},"end":{"line":464,"column":60}},"210":{"start":{"line":466,"column":8},"end":{"line":469,"column":9}},"211":{"start":{"line":467,"column":12},"end":{"line":467,"column":45}},"212":{"start":{"line":468,"column":12},"end":{"line":468,"column":19}},"213":{"start":{"line":471,"column":8},"end":{"line":471,"column":42}},"214":{"start":{"line":472,"column":8},"end":{"line":477,"column":20}},"215":{"start":{"line":472,"column":46},"end":{"line":477,"column":9}},"216":{"start":{"line":481,"column":8},"end":{"line":481,"column":34}},"217":{"start":{"line":483,"column":8},"end":{"line":486,"column":9}},"218":{"start":{"line":485,"column":12},"end":{"line":485,"column":62}},"219":{"start":{"line":485,"column":29},"end":{"line":485,"column":54}},"220":{"start":{"line":490,"column":32},"end":{"line":490,"column":72}},"221":{"start":{"line":491,"column":27},"end":{"line":491,"column":65}},"222":{"start":{"line":493,"column":8},"end":{"line":499,"column":9}},"223":{"start":{"line":494,"column":12},"end":{"line":494,"column":56}},"224":{"start":{"line":495,"column":12},"end":{"line":495,"column":46}},"225":{"start":{"line":497,"column":12},"end":{"line":497,"column":57}},"226":{"start":{"line":498,"column":12},"end":{"line":498,"column":47}},"227":{"start":{"line":503,"column":23},"end":{"line":503,"column":60}},"228":{"start":{"line":504,"column":21},"end":{"line":504,"column":54}},"229":{"start":{"line":505,"column":24},"end":{"line":505,"column":60}},"230":{"start":{"line":507,"column":8},"end":{"line":507,"column":34}},"231":{"start":{"line":509,"column":8},"end":{"line":515,"column":9}},"232":{"start":{"line":510,"column":12},"end":{"line":510,"column":40}},"233":{"start":{"line":511,"column":12},"end":{"line":511,"column":45}},"234":{"start":{"line":513,"column":12},"end":{"line":513,"column":42}},"235":{"start":{"line":514,"column":12},"end":{"line":514,"column":43}},"236":{"start":{"line":519,"column":24},"end":{"line":519,"column":58}},"237":{"start":{"line":520,"column":8},"end":{"line":520,"column":35}},"238":{"start":{"line":521,"column":8},"end":{"line":521,"column":46}},"239":{"start":{"line":522,"column":8},"end":{"line":522,"column":40}},"240":{"start":{"line":525,"column":8},"end":{"line":527,"column":17}},"241":{"start":{"line":526,"column":12},"end":{"line":526,"column":43}},"242":{"start":{"line":531,"column":21},"end":{"line":531,"column":63}},"243":{"start":{"line":532,"column":8},"end":{"line":532,"column":21}},"244":{"start":{"line":533,"column":8},"end":{"line":533,"column":30}},"245":{"start":{"line":534,"column":8},"end":{"line":534,"column":66}},"246":{"start":{"line":539,"column":0},"end":{"line":541,"column":1}},"247":{"start":{"line":540,"column":4},"end":{"line":540,"column":36}},"248":{"start":{"line":544,"column":0},"end":{"line":546,"column":3}},"249":{"start":{"line":545,"column":4},"end":{"line":545,"column":25}}},"fnMap":{"0":{"name":"(anonymous_0)","decl":{"start":{"line":2,"column":4},"end":{"line":2,"column":5}},"loc":{"start":{"line":2,"column":18},"end":{"line":5,"column":5}},"line":2},"1":{"name":"(anonymous_1)","decl":{"start":{"line":7,"column":4},"end":{"line":7,"column":5}},"loc":{"start":{"line":7,"column":11},"end":{"line":16,"column":5}},"line":7},"2":{"name":"(anonymous_2)","decl":{"start":{"line":14,"column":42},"end":{"line":14,"column":43}},"loc":{"start":{"line":14,"column":48},"end":{"line":14,"column":77}},"line":14},"3":{"name":"(anonymous_3)","decl":{"start":{"line":15,"column":43},"end":{"line":15,"column":44}},"loc":{"start":{"line":15,"column":49},"end":{"line":15,"column":79}},"line":15},"4":{"name":"(anonymous_4)","decl":{"start":{"line":18,"column":4},"end":{"line":18,"column":5}},"loc":{"start":{"line":18,"column":17},"end":{"line":40,"column":5}},"line":18},"5":{"name":"(anonymous_5)","decl":{"start":{"line":27,"column":40},"end":{"line":27,"column":41}},"loc":{"start":{"line":27,"column":47},"end":{"line":27,"column":67}},"line":27},"6":{"name":"(anonymous_6)","decl":{"start":{"line":28,"column":47},"end":{"line":28,"column":48}},"loc":{"start":{"line":28,"column":54},"end":{"line":28,"column":79}},"line":28},"7":{"name":"(anonymous_7)","decl":{"start":{"line":29,"column":50},"end":{"line":29,"column":51}},"loc":{"start":{"line":29,"column":57},"end":{"line":29,"column":85}},"line":29},"8":{"name":"(anonymous_8)","decl":{"start":{"line":30,"column":46},"end":{"line":30,"column":47}},"loc":{"start":{"line":30,"column":53},"end":{"line":30,"column":77}},"line":30},"9":{"name":"(anonymous_9)","decl":{"start":{"line":31,"column":48},"end":{"line":31,"column":49}},"loc":{"start":{"line":31,"column":55},"end":{"line":31,"column":81}},"line":31},"10":{"name":"(anonymous_10)","decl":{"start":{"line":33,"column":29},"end":{"line":33,"column":30}},"loc":{"start":{"line":33,"column":36},"end":{"line":35,"column":9}},"line":33},"11":{"name":"(anonymous_11)","decl":{"start":{"line":34,"column":42},"end":{"line":34,"column":43}},"loc":{"start":{"line":34,"column":49},"end":{"line":34,"column":74}},"line":34},"12":{"name":"(anonymous_12)","decl":{"start":{"line":38,"column":49},"end":{"line":38,"column":50}},"loc":{"start":{"line":38,"column":55},"end":{"line":38,"column":80}},"line":38},"13":{"name":"(anonymous_13)","decl":{"start":{"line":42,"column":4},"end":{"line":42,"column":5}},"loc":{"start":{"line":42,"column":21},"end":{"line":47,"column":5}},"line":42},"14":{"name":"(anonymous_14)","decl":{"start":{"line":49,"column":4},"end":{"line":49,"column":5}},"loc":{"start":{"line":49,"column":25},"end":{"line":52,"column":5}},"line":49},"15":{"name":"(anonymous_15)","decl":{"start":{"line":54,"column":4},"end":{"line":54,"column":5}},"loc":{"start":{"line":54,"column":28},"end":{"line":140,"column":5}},"line":54},"16":{"name":"(anonymous_16)","decl":{"start":{"line":131,"column":42},"end":{"line":131,"column":43}},"loc":{"start":{"line":131,"column":50},"end":{"line":136,"column":13}},"line":131},"17":{"name":"(anonymous_17)","decl":{"start":{"line":142,"column":4},"end":{"line":142,"column":5}},"loc":{"start":{"line":142,"column":24},"end":{"line":236,"column":5}},"line":142},"18":{"name":"(anonymous_18)","decl":{"start":{"line":221,"column":40},"end":{"line":221,"column":41}},"loc":{"start":{"line":221,"column":50},"end":{"line":226,"column":13}},"line":221},"19":{"name":"(anonymous_19)","decl":{"start":{"line":238,"column":4},"end":{"line":238,"column":5}},"loc":{"start":{"line":238,"column":26},"end":{"line":251,"column":5}},"line":238},"20":{"name":"(anonymous_20)","decl":{"start":{"line":253,"column":4},"end":{"line":253,"column":5}},"loc":{"start":{"line":253,"column":25},"end":{"line":268,"column":5}},"line":253},"21":{"name":"(anonymous_21)","decl":{"start":{"line":270,"column":4},"end":{"line":270,"column":5}},"loc":{"start":{"line":270,"column":26},"end":{"line":300,"column":5}},"line":270},"22":{"name":"(anonymous_22)","decl":{"start":{"line":302,"column":4},"end":{"line":302,"column":5}},"loc":{"start":{"line":302,"column":26},"end":{"line":333,"column":5}},"line":302},"23":{"name":"(anonymous_23)","decl":{"start":{"line":335,"column":4},"end":{"line":335,"column":5}},"loc":{"start":{"line":335,"column":23},"end":{"line":357,"column":5}},"line":335},"24":{"name":"(anonymous_24)","decl":{"start":{"line":359,"column":4},"end":{"line":359,"column":5}},"loc":{"start":{"line":359,"column":28},"end":{"line":398,"column":5}},"line":359},"25":{"name":"(anonymous_25)","decl":{"start":{"line":400,"column":4},"end":{"line":400,"column":5}},"loc":{"start":{"line":400,"column":22},"end":{"line":410,"column":5}},"line":400},"26":{"name":"(anonymous_26)","decl":{"start":{"line":412,"column":4},"end":{"line":412,"column":5}},"loc":{"start":{"line":412,"column":24},"end":{"line":415,"column":5}},"line":412},"27":{"name":"(anonymous_27)","decl":{"start":{"line":417,"column":4},"end":{"line":417,"column":5}},"loc":{"start":{"line":417,"column":31},"end":{"line":450,"column":5}},"line":417},"28":{"name":"(anonymous_28)","decl":{"start":{"line":452,"column":4},"end":{"line":452,"column":5}},"loc":{"start":{"line":452,"column":25},"end":{"line":459,"column":5}},"line":452},"29":{"name":"(anonymous_29)","decl":{"start":{"line":457,"column":23},"end":{"line":457,"column":24}},"loc":{"start":{"line":457,"column":29},"end":{"line":457,"column":54}},"line":457},"30":{"name":"(anonymous_30)","decl":{"start":{"line":461,"column":4},"end":{"line":461,"column":5}},"loc":{"start":{"line":461,"column":27},"end":{"line":478,"column":5}},"line":461},"31":{"name":"(anonymous_31)","decl":{"start":{"line":472,"column":37},"end":{"line":472,"column":38}},"loc":{"start":{"line":472,"column":46},"end":{"line":477,"column":9}},"line":472},"32":{"name":"(anonymous_32)","decl":{"start":{"line":480,"column":4},"end":{"line":480,"column":5}},"loc":{"start":{"line":480,"column":33},"end":{"line":487,"column":5}},"line":480},"33":{"name":"(anonymous_33)","decl":{"start":{"line":485,"column":23},"end":{"line":485,"column":24}},"loc":{"start":{"line":485,"column":29},"end":{"line":485,"column":54}},"line":485},"34":{"name":"(anonymous_34)","decl":{"start":{"line":489,"column":4},"end":{"line":489,"column":5}},"loc":{"start":{"line":489,"column":25},"end":{"line":500,"column":5}},"line":489},"35":{"name":"(anonymous_35)","decl":{"start":{"line":502,"column":4},"end":{"line":502,"column":5}},"loc":{"start":{"line":502,"column":24},"end":{"line":516,"column":5}},"line":502},"36":{"name":"(anonymous_36)","decl":{"start":{"line":518,"column":4},"end":{"line":518,"column":5}},"loc":{"start":{"line":518,"column":28},"end":{"line":528,"column":5}},"line":518},"37":{"name":"(anonymous_37)","decl":{"start":{"line":525,"column":19},"end":{"line":525,"column":20}},"loc":{"start":{"line":525,"column":25},"end":{"line":527,"column":9}},"line":525},"38":{"name":"(anonymous_38)","decl":{"start":{"line":530,"column":4},"end":{"line":530,"column":5}},"loc":{"start":{"line":530,"column":16},"end":{"line":535,"column":5}},"line":530},"39":{"name":"(anonymous_39)","decl":{"start":{"line":544,"column":46},"end":{"line":544,"column":47}},"loc":{"start":{"line":544,"column":52},"end":{"line":546,"column":1}},"line":544}},"branchMap":{"0":{"loc":{"start":{"line":37,"column":8},"end":{"line":39,"column":9}},"type":"if","locations":[{"start":{"line":37,"column":8},"end":{"line":39,"column":9}},{"start":{},"end":{}}],"line":37},"1":{"loc":{"start":{"line":130,"column":8},"end":{"line":139,"column":9}},"type":"if","locations":[{"start":{"line":130,"column":8},"end":{"line":139,"column":9}},{"start":{"line":137,"column":15},"end":{"line":139,"column":9}}],"line":130},"2":{"loc":{"start":{"line":130,"column":12},"end":{"line":130,"column":45}},"type":"binary-expr","locations":[{"start":{"line":130,"column":12},"end":{"line":130,"column":20}},{"start":{"line":130,"column":24},"end":{"line":130,"column":45}}],"line":130},"3":{"loc":{"start":{"line":152,"column":8},"end":{"line":169,"column":9}},"type":"if","locations":[{"start":{"line":152,"column":8},"end":{"line":169,"column":9}},{"start":{"line":160,"column":15},"end":{"line":169,"column":9}}],"line":152},"4":{"loc":{"start":{"line":220,"column":8},"end":{"line":235,"column":9}},"type":"if","locations":[{"start":{"line":220,"column":8},"end":{"line":235,"column":9}},{"start":{"line":233,"column":15},"end":{"line":235,"column":9}}],"line":220},"5":{"loc":{"start":{"line":220,"column":12},"end":{"line":220,"column":39}},"type":"binary-expr","locations":[{"start":{"line":220,"column":12},"end":{"line":220,"column":16}},{"start":{"line":220,"column":20},"end":{"line":220,"column":39}}],"line":220},"6":{"loc":{"start":{"line":243,"column":8},"end":{"line":250,"column":9}},"type":"if","locations":[{"start":{"line":243,"column":8},"end":{"line":250,"column":9}},{"start":{"line":246,"column":15},"end":{"line":250,"column":9}}],"line":243},"7":{"loc":{"start":{"line":276,"column":8},"end":{"line":278,"column":9}},"type":"if","locations":[{"start":{"line":276,"column":8},"end":{"line":278,"column":9}},{"start":{},"end":{}}],"line":276},"8":{"loc":{"start":{"line":283,"column":12},"end":{"line":291,"column":13}},"type":"if","locations":[{"start":{"line":283,"column":12},"end":{"line":291,"column":13}},{"start":{"line":287,"column":19},"end":{"line":291,"column":13}}],"line":283},"9":{"loc":{"start":{"line":311,"column":8},"end":{"line":314,"column":9}},"type":"if","locations":[{"start":{"line":311,"column":8},"end":{"line":314,"column":9}},{"start":{},"end":{}}],"line":311},"10":{"loc":{"start":{"line":311,"column":12},"end":{"line":311,"column":52}},"type":"binary-expr","locations":[{"start":{"line":311,"column":12},"end":{"line":311,"column":33}},{"start":{"line":311,"column":37},"end":{"line":311,"column":52}}],"line":311},"11":{"loc":{"start":{"line":317,"column":8},"end":{"line":320,"column":9}},"type":"if","locations":[{"start":{"line":317,"column":8},"end":{"line":320,"column":9}},{"start":{},"end":{}}],"line":317},"12":{"loc":{"start":{"line":317,"column":12},"end":{"line":317,"column":56}},"type":"binary-expr","locations":[{"start":{"line":317,"column":12},"end":{"line":317,"column":35}},{"start":{"line":317,"column":39},"end":{"line":317,"column":56}}],"line":317},"13":{"loc":{"start":{"line":323,"column":21},"end":{"line":323,"column":72}},"type":"binary-expr","locations":[{"start":{"line":323,"column":21},"end":{"line":323,"column":30}},{"start":{"line":323,"column":34},"end":{"line":323,"column":72}}],"line":323},"14":{"loc":{"start":{"line":336,"column":8},"end":{"line":339,"column":9}},"type":"if","locations":[{"start":{"line":336,"column":8},"end":{"line":339,"column":9}},{"start":{},"end":{}}],"line":336},"15":{"loc":{"start":{"line":336,"column":12},"end":{"line":336,"column":76}},"type":"binary-expr","locations":[{"start":{"line":336,"column":12},"end":{"line":336,"column":26}},{"start":{"line":336,"column":30},"end":{"line":336,"column":40}},{"start":{"line":336,"column":44},"end":{"line":336,"column":59}},{"start":{"line":336,"column":63},"end":{"line":336,"column":76}}],"line":336},"16":{"loc":{"start":{"line":346,"column":8},"end":{"line":349,"column":9}},"type":"if","locations":[{"start":{"line":346,"column":8},"end":{"line":349,"column":9}},{"start":{},"end":{}}],"line":346},"17":{"loc":{"start":{"line":346,"column":12},"end":{"line":346,"column":58}},"type":"binary-expr","locations":[{"start":{"line":346,"column":12},"end":{"line":346,"column":34}},{"start":{"line":346,"column":38},"end":{"line":346,"column":58}}],"line":346},"18":{"loc":{"start":{"line":351,"column":8},"end":{"line":354,"column":9}},"type":"if","locations":[{"start":{"line":351,"column":8},"end":{"line":354,"column":9}},{"start":{},"end":{}}],"line":351},"19":{"loc":{"start":{"line":378,"column":8},"end":{"line":382,"column":9}},"type":"if","locations":[{"start":{"line":378,"column":8},"end":{"line":382,"column":9}},{"start":{},"end":{}}],"line":378},"20":{"loc":{"start":{"line":386,"column":8},"end":{"line":390,"column":9}},"type":"if","locations":[{"start":{"line":386,"column":8},"end":{"line":390,"column":9}},{"start":{},"end":{}}],"line":386},"21":{"loc":{"start":{"line":414,"column":15},"end":{"line":414,"column":47}},"type":"cond-expr","locations":[{"start":{"line":414,"column":24},"end":{"line":414,"column":42}},{"start":{"line":414,"column":45},"end":{"line":414,"column":47}}],"line":414},"22":{"loc":{"start":{"line":420,"column":8},"end":{"line":422,"column":9}},"type":"if","locations":[{"start":{"line":420,"column":8},"end":{"line":422,"column":9}},{"start":{},"end":{}}],"line":420},"23":{"loc":{"start":{"line":443,"column":8},"end":{"line":445,"column":9}},"type":"if","locations":[{"start":{"line":443,"column":8},"end":{"line":445,"column":9}},{"start":{},"end":{}}],"line":443},"24":{"loc":{"start":{"line":447,"column":8},"end":{"line":449,"column":9}},"type":"if","locations":[{"start":{"line":447,"column":8},"end":{"line":449,"column":9}},{"start":{},"end":{}}],"line":447},"25":{"loc":{"start":{"line":456,"column":8},"end":{"line":458,"column":9}},"type":"if","locations":[{"start":{"line":456,"column":8},"end":{"line":458,"column":9}},{"start":{},"end":{}}],"line":456},"26":{"loc":{"start":{"line":466,"column":8},"end":{"line":469,"column":9}},"type":"if","locations":[{"start":{"line":466,"column":8},"end":{"line":469,"column":9}},{"start":{},"end":{}}],"line":466},"27":{"loc":{"start":{"line":483,"column":8},"end":{"line":486,"column":9}},"type":"if","locations":[{"start":{"line":483,"column":8},"end":{"line":486,"column":9}},{"start":{},"end":{}}],"line":483},"28":{"loc":{"start":{"line":493,"column":8},"end":{"line":499,"column":9}},"type":"if","locations":[{"start":{"line":493,"column":8},"end":{"line":499,"column":9}},{"start":{"line":496,"column":15},"end":{"line":499,"column":9}}],"line":493},"29":{"loc":{"start":{"line":509,"column":8},"end":{"line":515,"column":9}},"type":"if","locations":[{"start":{"line":509,"column":8},"end":{"line":515,"column":9}},{"start":{"line":512,"column":15},"end":{"line":515,"column":9}}],"line":509},"30":{"loc":{"start":{"line":539,"column":0},"end":{"line":541,"column":1}},"type":"if","locations":[{"start":{"line":539,"column":0},"end":{"line":541,"column":1}},{"start":{},"end":{}}],"line":539},"31":{"loc":{"start":{"line":539,"column":4},"end":{"line":539,"column":51}},"type":"binary-expr","locations":[{"start":{"line":539,"column":4},"end":{"line":539,"column":33}},{"start":{"line":539,"column":37},"end":{"line":539,"column":51}}],"line":539}},"s":{"0":10,"1":10,"2":10,"3":10,"4":10,"5":10,"6":10,"7":0,"8":10,"9":0,"10":10,"11":10,"12":10,"13":10,"14":10,"15":10,"16":10,"17":10,"18":0,"19":10,"20":0,"21":10,"22":0,"23":10,"24":0,"25":10,"26":0,"27":10,"28":0,"29":0,"30":10,"31":10,"32":0,"33":11,"34":11,"35":11,"36":11,"37":0,"38":0,"39":0,"40":0,"41":0,"42":0,"43":0,"44":0,"45":0,"46":0,"47":0,"48":0,"49":0,"50":0,"51":0,"52":0,"53":0,"54":0,"55":0,"56":0,"57":0,"58":0,"59":0,"60":0,"61":0,"62":0,"63":0,"64":0,"65":0,"66":0,"67":0,"68":0,"69":0,"70":0,"71":0,"72":0,"73":0,"74":0,"75":0,"76":0,"77":0,"78":0,"79":0,"80":0,"81":0,"82":0,"83":0,"84":0,"85":0,"86":0,"87":0,"88":0,"89":0,"90":0,"91":0,"92":0,"93":0,"94":0,"95":0,"96":0,"97":0,"98":0,"99":0,"100":0,"101":0,"102":0,"103":0,"104":0,"105":0,"106":0,"107":0,"108":0,"109":0,"110":0,"111":0,"112":0,"113":0,"114":0,"115":0,"116":0,"117":0,"118":0,"119":0,"120":0,"121":0,"122":0,"123":0,"124":0,"125":0,"126":0,"127":0,"128":0,"129":0,"130":0,"131":0,"132":0,"133":0,"134":0,"135":0,"136":0,"137":0,"138":2,"139":2,"140":14,"141":2,"142":1,"143":1,"144":2,"145":0,"146":0,"147":2,"148":2,"149":2,"150":2,"151":2,"152":3,"153":1,"154":1,"155":2,"156":2,"157":2,"158":0,"159":0,"160":2,"161":1,"162":1,"163":1,"164":2,"165":2,"166":2,"167":2,"168":1,"169":1,"170":1,"171":1,"172":1,"173":0,"174":0,"175":0,"176":1,"177":1,"178":1,"179":1,"180":1,"181":1,"182":1,"183":13,"184":13,"185":0,"186":0,"187":0,"188":0,"189":0,"190":0,"191":0,"192":0,"193":0,"194":0,"195":0,"196":0,"197":0,"198":0,"199":0,"200":0,"201":0,"202":0,"203":10,"204":10,"205":10,"206":0,"207":11,"208":11,"209":11,"210":11,"211":11,"212":11,"213":0,"214":0,"215":0,"216":0,"217":0,"218":0,"219":0,"220":10,"221":10,"222":10,"223":10,"224":10,"225":0,"226":0,"227":0,"228":0,"229":0,"230":0,"231":0,"232":0,"233":0,"234":0,"235":0,"236":2,"237":2,"238":2,"239":2,"240":2,"241":0,"242":0,"243":0,"244":0,"245":0,"246":1,"247":1,"248":1,"249":0},"f":{"0":10,"1":10,"2":0,"3":0,"4":10,"5":0,"6":0,"7":0,"8":0,"9":0,"10":0,"11":0,"12":0,"13":11,"14":0,"15":0,"16":0,"17":0,"18":0,"19":0,"20":0,"21":0,"22":2,"23":3,"24":2,"25":1,"26":13,"27":0,"28":10,"29":0,"30":11,"31":0,"32":0,"33":0,"34":10,"35":0,"36":2,"37":0,"38":0,"39":0},"b":{"0":[10,0],"1":[0,0],"2":[0,0],"3":[0,0],"4":[0,0],"5":[0,0],"6":[0,0],"7":[0,0],"8":[0,0],"9":[1,1],"10":[2,1],"11":[0,2],"12":[2,0],"13":[2,0],"14":[1,2],"15":[3,3,2,2],"16":[0,2],"17":[2,2],"18":[1,1],"19":[1,1],"20":[0,1],"21":[1,12],"22":[0,0],"23":[0,0],"24":[0,0],"25":[10,0],"26":[11,0],"27":[0,0],"28":[10,0],"29":[0,0],"30":[1,0],"31":[1,1]},"_coverageSchema":"1a1c01bbd47fc00a2c39e90264f33305004495a9","hash":"e65dcac7f16849eed87e391e66506b49ec7a09a4"}
}
