TN:
SF:app.js
FN:2,(anonymous_0)
FN:7,(anonymous_1)
FN:14,(anonymous_2)
FN:15,(anonymous_3)
FN:18,(anonymous_4)
FN:27,(anonymous_5)
FN:28,(anonymous_6)
FN:29,(anonymous_7)
FN:30,(anonymous_8)
FN:31,(anonymous_9)
FN:33,(anonymous_10)
FN:34,(anonymous_11)
FN:38,(anonymous_12)
FN:42,(anonymous_13)
FN:49,(anonymous_14)
FN:54,(anonymous_15)
FN:131,(anonymous_16)
FN:142,(anonymous_17)
FN:221,(anonymous_18)
FN:238,(anonymous_19)
FN:253,(anonymous_20)
FN:270,(anonymous_21)
FN:302,(anonymous_22)
FN:335,(anonymous_23)
FN:359,(anonymous_24)
FN:400,(anonymous_25)
FN:412,(anonymous_26)
FN:417,(anonymous_27)
FN:452,(anonymous_28)
FN:457,(anonymous_29)
FN:461,(anonymous_30)
FN:472,(anonymous_31)
FN:480,(anonymous_32)
FN:485,(anonymous_33)
FN:489,(anonymous_34)
FN:502,(anonymous_35)
FN:518,(anonymous_36)
FN:525,(anonymous_37)
FN:530,(anonymous_38)
FN:544,(anonymous_39)
FNF:40
FNH:13
FNDA:10,(anonymous_0)
FNDA:10,(anonymous_1)
FNDA:0,(anonymous_2)
FNDA:0,(anonymous_3)
FNDA:10,(anonymous_4)
FNDA:0,(anonymous_5)
FNDA:0,(anonymous_6)
FNDA:0,(anonymous_7)
FNDA:0,(anonymous_8)
FNDA:0,(anonymous_9)
FNDA:0,(anonymous_10)
FNDA:0,(anonymous_11)
FNDA:0,(anonymous_12)
FNDA:11,(anonymous_13)
FNDA:0,(anonymous_14)
FNDA:0,(anonymous_15)
FNDA:0,(anonymous_16)
FNDA:0,(anonymous_17)
FNDA:0,(anonymous_18)
FNDA:0,(anonymous_19)
FNDA:0,(anonymous_20)
FNDA:0,(anonymous_21)
FNDA:2,(anonymous_22)
FNDA:3,(anonymous_23)
FNDA:2,(anonymous_24)
FNDA:1,(anonymous_25)
FNDA:13,(anonymous_26)
FNDA:0,(anonymous_27)
FNDA:10,(anonymous_28)
FNDA:0,(anonymous_29)
FNDA:11,(anonymous_30)
FNDA:0,(anonymous_31)
FNDA:0,(anonymous_32)
FNDA:0,(anonymous_33)
FNDA:10,(anonymous_34)
FNDA:0,(anonymous_35)
FNDA:2,(anonymous_36)
FNDA:0,(anonymous_37)
FNDA:0,(anonymous_38)
FNDA:0,(anonymous_39)
DA:3,10
DA:4,10
DA:8,10
DA:9,10
DA:10,10
DA:11,10
DA:14,10
DA:15,10
DA:19,10
DA:20,10
DA:21,10
DA:22,10
DA:23,10
DA:24,10
DA:25,10
DA:27,10
DA:28,10
DA:29,10
DA:30,10
DA:31,10
DA:33,10
DA:34,0
DA:37,10
DA:38,10
DA:43,11
DA:44,11
DA:45,11
DA:46,11
DA:50,0
DA:51,0
DA:55,0
DA:56,0
DA:59,0
DA:108,0
DA:111,0
DA:112,0
DA:115,0
DA:116,0
DA:117,0
DA:118,0
DA:120,0
DA:121,0
DA:122,0
DA:123,0
DA:124,0
DA:125,0
DA:126,0
DA:127,0
DA:130,0
DA:131,0
DA:132,0
DA:133,0
DA:134,0
DA:135,0
DA:138,0
DA:143,0
DA:144,0
DA:145,0
DA:146,0
DA:149,0
DA:150,0
DA:152,0
DA:153,0
DA:154,0
DA:156,0
DA:157,0
DA:158,0
DA:159,0
DA:161,0
DA:162,0
DA:163,0
DA:164,0
DA:165,0
DA:166,0
DA:167,0
DA:168,0
DA:172,0
DA:214,0
DA:215,0
DA:216,0
DA:217,0
DA:220,0
DA:221,0
DA:222,0
DA:223,0
DA:224,0
DA:225,0
DA:229,0
DA:230,0
DA:231,0
DA:232,0
DA:234,0
DA:239,0
DA:240,0
DA:241,0
DA:243,0
DA:244,0
DA:245,0
DA:247,0
DA:248,0
DA:249,0
DA:254,0
DA:255,0
DA:256,0
DA:258,0
DA:259,0
DA:262,0
DA:263,0
DA:264,0
DA:267,0
DA:271,0
DA:273,0
DA:274,0
DA:276,0
DA:277,0
DA:280,0
DA:282,0
DA:283,0
DA:284,0
DA:285,0
DA:286,0
DA:288,0
DA:289,0
DA:290,0
DA:293,0
DA:294,0
DA:295,0
DA:296,0
DA:298,0
DA:303,2
DA:306,2
DA:307,14
DA:311,2
DA:312,1
DA:313,1
DA:317,2
DA:318,0
DA:319,0
DA:323,2
DA:326,2
DA:327,2
DA:330,2
DA:332,2
DA:336,3
DA:337,1
DA:338,1
DA:342,2
DA:343,2
DA:346,2
DA:347,0
DA:348,0
DA:351,2
DA:352,1
DA:353,1
DA:356,1
DA:361,2
DA:367,2
DA:369,2
DA:378,2
DA:379,1
DA:380,1
DA:381,1
DA:384,1
DA:386,1
DA:387,0
DA:388,0
DA:389,0
DA:394,1
DA:395,1
DA:397,1
DA:401,1
DA:402,1
DA:408,1
DA:409,1
DA:413,13
DA:414,13
DA:418,0
DA:420,0
DA:421,0
DA:424,0
DA:426,0
DA:427,0
DA:429,0
DA:430,0
DA:431,0
DA:432,0
DA:434,0
DA:435,0
DA:440,0
DA:441,0
DA:443,0
DA:444,0
DA:447,0
DA:448,0
DA:453,10
DA:456,10
DA:457,10
DA:462,11
DA:463,11
DA:464,11
DA:466,11
DA:467,11
DA:468,11
DA:471,0
DA:472,0
DA:481,0
DA:483,0
DA:485,0
DA:490,10
DA:491,10
DA:493,10
DA:494,10
DA:495,10
DA:497,0
DA:498,0
DA:503,0
DA:504,0
DA:505,0
DA:507,0
DA:509,0
DA:510,0
DA:511,0
DA:513,0
DA:514,0
DA:519,2
DA:520,2
DA:521,2
DA:522,2
DA:525,2
DA:526,0
DA:531,0
DA:532,0
DA:533,0
DA:534,0
DA:539,1
DA:540,1
DA:544,1
DA:545,0
LF:238
LH:89
BRDA:37,0,0,10
BRDA:37,0,1,0
BRDA:130,1,0,0
BRDA:130,1,1,0
BRDA:130,2,0,0
BRDA:130,2,1,0
BRDA:152,3,0,0
BRDA:152,3,1,0
BRDA:220,4,0,0
BRDA:220,4,1,0
BRDA:220,5,0,0
BRDA:220,5,1,0
BRDA:243,6,0,0
BRDA:243,6,1,0
BRDA:276,7,0,0
BRDA:276,7,1,0
BRDA:283,8,0,0
BRDA:283,8,1,0
BRDA:311,9,0,1
BRDA:311,9,1,1
BRDA:311,10,0,2
BRDA:311,10,1,1
BRDA:317,11,0,0
BRDA:317,11,1,2
BRDA:317,12,0,2
BRDA:317,12,1,0
BRDA:323,13,0,2
BRDA:323,13,1,0
BRDA:336,14,0,1
BRDA:336,14,1,2
BRDA:336,15,0,3
BRDA:336,15,1,3
BRDA:336,15,2,2
BRDA:336,15,3,2
BRDA:346,16,0,0
BRDA:346,16,1,2
BRDA:346,17,0,2
BRDA:346,17,1,2
BRDA:351,18,0,1
BRDA:351,18,1,1
BRDA:378,19,0,1
BRDA:378,19,1,1
BRDA:386,20,0,0
BRDA:386,20,1,1
BRDA:414,21,0,1
BRDA:414,21,1,12
BRDA:420,22,0,0
BRDA:420,22,1,0
BRDA:443,23,0,0
BRDA:443,23,1,0
BRDA:447,24,0,0
BRDA:447,24,1,0
BRDA:456,25,0,10
BRDA:456,25,1,0
BRDA:466,26,0,11
BRDA:466,26,1,0
BRDA:483,27,0,0
BRDA:483,27,1,0
BRDA:493,28,0,10
BRDA:493,28,1,0
BRDA:509,29,0,0
BRDA:509,29,1,0
BRDA:539,30,0,1
BRDA:539,30,1,0
BRDA:539,31,0,1
BRDA:539,31,1,1
BRF:66
BRH:30
end_of_record
